<?xml version="1.0" encoding="UTF-8"?>
<!-- Generated by org.testng.reporters.JUnitXMLReporter -->
<testsuite ignored="0" hostname="DESKTOP-MH5ODL9" failures="2" tests="4" name="Test" time="14.43" errors="0" timestamp="2025-04-14T18:12:02 IST">
  <testcase classname="api.test.UserTests2" name="testPostUser" time="4.399"/>
  <testcase classname="api.test.UserTests2" name="testGetUserByName" time="2.897"/>
  <testcase classname="api.test.UserTests2" name="testUpdateUserByName" time="3.995">
    <failure type="java.lang.AssertionError" message="expected [200] but found [404]">
      <![CDATA[java.lang.AssertionError: expected [200] but found [404]
at api.test.UserTests2.testUpdateUserByName(UserTests2.java:69)
at java.base/java.util.ArrayList.forEach(ArrayList.java:1596)
... Removed 32 stack frames]]>
    </failure>
  </testcase> <!-- testUpdateUserByName -->
  <testcase classname="api.test.UserTests2" name="testDeleteUserByName" time="2.65">
    <failure type="java.lang.AssertionError" message="expected [200] but found [404]">
      <![CDATA[java.lang.AssertionError: expected [200] but found [404]
at api.test.UserTests2.testDeleteUserByName(UserTests2.java:77)
at java.base/java.util.ArrayList.forEach(ArrayList.java:1596)
... Removed 32 stack frames]]>
    </failure>
  </testcase> <!-- testDeleteUserByName -->
</testsuite> <!-- Test -->
