<?xml version="1.0" encoding="UTF-8"?>
<!-- Generated by org.testng.reporters.JUnitXMLReporter -->
<testsuite ignored="0" hostname="DESKTOP-MH5ODL9" failures="0" tests="6" name="Test" time="17.121" errors="0" timestamp="2025-04-14T18:54:41 IST">
  <testcase classname="api.test.DDTests" name="testPostuser" time="5.499"/>
  <testcase classname="api.test.DDTests" name="testPostuser" time="2.257"/>
  <testcase classname="api.test.DDTests" name="testPostuser" time="1.988"/>
  <testcase classname="api.test.DDTests" name="testDeleteUserName" time="1.913"/>
  <testcase classname="api.test.DDTests" name="testDeleteUserName" time="1.649"/>
  <testcase classname="api.test.DDTests" name="testDeleteUserName" time="2.262"/>
</testsuite> <!-- Test -->
