<?xml version="1.0" encoding="UTF-8"?>
<testng-results ignored="0" total="6" passed="6" failed="0" skipped="0">
  <reporter-output>
  </reporter-output>
  <suite started-at="2025-04-14T18:54:23 IST" name="Suite" finished-at="2025-04-14T18:54:40 IST" duration-ms="17121">
    <groups>
    </groups>
    <test started-at="2025-04-14T18:54:23 IST" name="Test" finished-at="2025-04-14T18:54:40 IST" duration-ms="17121">
      <class name="api.test.DDTests">
        <test-method signature="testPostuser(java.lang.String,java.lang.String,java.lang.String,java.lang.String,java.lang.String,java.lang.String,java.lang.String)[pri:1, instance:api.test.DDTests@441772e]" started-at="2025-04-14T18:54:24 IST" name="testPostuser" data-provider="Data" finished-at="2025-04-14T18:54:30 IST" duration-ms="5499" status="PASS">
          <params>
            <param index="0">
              <value>
                <![CDATA[10]]>
              </value>
            </param>
            <param index="1">
              <value>
                <![CDATA[testuser1]]>
              </value>
            </param>
            <param index="2">
              <value>
                <![CDATA[Fname1]]>
              </value>
            </param>
            <param index="3">
              <value>
                <![CDATA[LName1]]>
              </value>
            </param>
            <param index="4">
              <value>
                <![CDATA[a@gmail.com]]>
              </value>
            </param>
            <param index="5">
              <value>
                <![CDATA[test@1]]>
              </value>
            </param>
            <param index="6">
              <value>
                <![CDATA[1234567890]]>
              </value>
            </param>
          </params>
          <reporter-output>
          </reporter-output>
        </test-method> <!-- testPostuser -->
        <test-method signature="testPostuser(java.lang.String,java.lang.String,java.lang.String,java.lang.String,java.lang.String,java.lang.String,java.lang.String)[pri:1, instance:api.test.DDTests@441772e]" started-at="2025-04-14T18:54:30 IST" name="testPostuser" data-provider="Data" finished-at="2025-04-14T18:54:32 IST" duration-ms="2257" status="PASS">
          <params>
            <param index="0">
              <value>
                <![CDATA[20]]>
              </value>
            </param>
            <param index="1">
              <value>
                <![CDATA[testuser2]]>
              </value>
            </param>
            <param index="2">
              <value>
                <![CDATA[Fname2]]>
              </value>
            </param>
            <param index="3">
              <value>
                <![CDATA[LName2]]>
              </value>
            </param>
            <param index="4">
              <value>
                <![CDATA[b@gmail.com]]>
              </value>
            </param>
            <param index="5">
              <value>
                <![CDATA[test@2]]>
              </value>
            </param>
            <param index="6">
              <value>
                <![CDATA[1234567890]]>
              </value>
            </param>
          </params>
          <reporter-output>
          </reporter-output>
        </test-method> <!-- testPostuser -->
        <test-method signature="testPostuser(java.lang.String,java.lang.String,java.lang.String,java.lang.String,java.lang.String,java.lang.String,java.lang.String)[pri:1, instance:api.test.DDTests@441772e]" started-at="2025-04-14T18:54:32 IST" name="testPostuser" data-provider="Data" finished-at="2025-04-14T18:54:34 IST" duration-ms="1988" status="PASS">
          <params>
            <param index="0">
              <value>
                <![CDATA[30]]>
              </value>
            </param>
            <param index="1">
              <value>
                <![CDATA[testuser3]]>
              </value>
            </param>
            <param index="2">
              <value>
                <![CDATA[Fname3]]>
              </value>
            </param>
            <param index="3">
              <value>
                <![CDATA[LName3]]>
              </value>
            </param>
            <param index="4">
              <value>
                <![CDATA[c@gmail.com]]>
              </value>
            </param>
            <param index="5">
              <value>
                <![CDATA[test@3]]>
              </value>
            </param>
            <param index="6">
              <value>
                <![CDATA[1234567890]]>
              </value>
            </param>
          </params>
          <reporter-output>
          </reporter-output>
        </test-method> <!-- testPostuser -->
        <test-method signature="testDeleteUserName(java.lang.String)[pri:2, instance:api.test.DDTests@441772e]" started-at="2025-04-14T18:54:34 IST" name="testDeleteUserName" data-provider="UserName" finished-at="2025-04-14T18:54:36 IST" duration-ms="1913" status="PASS">
          <params>
            <param index="0">
              <value>
                <![CDATA[testuser1]]>
              </value>
            </param>
          </params>
          <reporter-output>
          </reporter-output>
        </test-method> <!-- testDeleteUserName -->
        <test-method signature="testDeleteUserName(java.lang.String)[pri:2, instance:api.test.DDTests@441772e]" started-at="2025-04-14T18:54:36 IST" name="testDeleteUserName" data-provider="UserName" finished-at="2025-04-14T18:54:38 IST" duration-ms="1649" status="PASS">
          <params>
            <param index="0">
              <value>
                <![CDATA[testuser2]]>
              </value>
            </param>
          </params>
          <reporter-output>
          </reporter-output>
        </test-method> <!-- testDeleteUserName -->
        <test-method signature="testDeleteUserName(java.lang.String)[pri:2, instance:api.test.DDTests@441772e]" started-at="2025-04-14T18:54:38 IST" name="testDeleteUserName" data-provider="UserName" finished-at="2025-04-14T18:54:40 IST" duration-ms="2262" status="PASS">
          <params>
            <param index="0">
              <value>
                <![CDATA[testuser3]]>
              </value>
            </param>
          </params>
          <reporter-output>
          </reporter-output>
        </test-method> <!-- testDeleteUserName -->
      </class> <!-- api.test.DDTests -->
    </test> <!-- Test -->
  </suite> <!-- Suite -->
</testng-results>
