<?xml version="1.0" encoding="UTF-8"?>
<!-- Generated by org.testng.reporters.JUnitReportReporter -->
<testsuite hostname="DESKTOP-MH5ODL9" failures="0" tests="4" name="api.test.UserTests" time="10.739" errors="0" timestamp="2025-04-14T17:20:52 IST" skipped="0">
  <testcase classname="api.test.UserTests" name="testPostUser" time="3.421"/>
  <testcase classname="api.test.UserTests" name="testGetUserByName" time="2.176"/>
  <testcase classname="api.test.UserTests" name="testUpdateUserByName" time="3.621"/>
  <testcase classname="api.test.UserTests" name="testDeleteUserByName" time="1.521"/>
</testsuite> <!-- api.test.UserTests -->
