<?xml version="1.0" encoding="UTF-8"?>
<!-- Generated by org.testng.reporters.JUnitReportReporter -->
<testsuite hostname="DESKTOP-MH5ODL9" failures="0" tests="6" name="api.test.DDTests" time="15.568" errors="0" timestamp="2025-04-14T18:54:41 IST" skipped="0">
  <testcase classname="api.test.DDTests" name="testPostuser" time="2.257"/>
  <testcase classname="api.test.DDTests" name="testPostuser" time="1.988"/>
  <testcase classname="api.test.DDTests" name="testPostuser" time="5.499"/>
  <testcase classname="api.test.DDTests" name="testDeleteUserName" time="2.262"/>
  <testcase classname="api.test.DDTests" name="testDeleteUserName" time="1.649"/>
  <testcase classname="api.test.DDTests" name="testDeleteUserName" time="1.913"/>
</testsuite> <!-- api.test.DDTests -->
